Hello World!!!
Testing for print function
New line
Another new line
Protected mode segmentation is set and loaded
IDT loaded
Keyboard event queue initialised
PIC initialised, keyboard interrupt unmasked
A pressed
A released
W pressed
W released
Enter pressed
Enter released
Backspace pressed
Backspace released
Page Down pressed
Page Down released
Page Up pressed
Page Up released
Tab pressed
Tab released
Caps Lock pressed
Caps Lock released
Caps Lock pressed
Caps Lock released
Unknown key
Unknown key
Unknown key
